0 info it worked if it ends with ok
1 verbose cli [ '/Users/JakeHartnell/.nvm/versions/node/v6.4.0/bin/node',
1 verbose cli   '/Users/JakeHartnell/.nvm/versions/node/v6.4.0/bin/npm',
1 verbose cli   'install' ]
2 info using npm@3.10.3
3 info using node@v6.4.0
4 silly loadCurrentTree Starting
5 silly install loadCurrentTree
6 silly install readLocalPackageData
7 silly install normalizeTree
8 silly loadCurrentTree Finishing
9 silly loadIdealTree Starting
10 silly install loadIdealTree
11 silly cloneCurrentTree Starting
12 silly install cloneCurrentTreeToIdealTree
13 silly cloneCurrentTree Finishing
14 silly loadShrinkwrap Starting
15 silly install loadShrinkwrap
16 silly loadShrinkwrap Finishing
17 silly loadAllDepsIntoIdealTree Starting
18 silly install loadAllDepsIntoIdealTree
19 silly fetchNamedPackageData thing.js
20 silly mapToRegistry name thing.js
21 silly mapToRegistry using default registry
22 silly mapToRegistry registry https://registry.npmjs.org/
23 silly mapToRegistry data Result {
23 silly mapToRegistry   raw: 'thing.js',
23 silly mapToRegistry   scope: null,
23 silly mapToRegistry   escapedName: 'thing.js',
23 silly mapToRegistry   name: 'thing.js',
23 silly mapToRegistry   rawSpec: '',
23 silly mapToRegistry   spec: 'latest',
23 silly mapToRegistry   type: 'tag' }
24 silly mapToRegistry uri https://registry.npmjs.org/thing.js
25 verbose request uri https://registry.npmjs.org/thing.js
26 verbose request no auth needed
27 info attempt registry request try #1 at 1:40:07 PM
28 verbose request using bearer token for auth
29 verbose request id 50b3f43e7d3b5fe9
30 http request GET https://registry.npmjs.org/thing.js
31 http 200 https://registry.npmjs.org/thing.js
32 verbose headers { server: 'nginx/1.10.1',
32 verbose headers   'content-type': 'application/json',
32 verbose headers   'last-modified': 'Sat, 15 Apr 2017 20:05:56 GMT',
32 verbose headers   etag: 'W/"58f27d24-3260"',
32 verbose headers   'content-encoding': 'gzip',
32 verbose headers   'cache-control': 'max-age=300',
32 verbose headers   'transfer-encoding': 'chunked',
32 verbose headers   'accept-ranges': 'bytes',
32 verbose headers   date: 'Sat, 15 Apr 2017 20:40:08 GMT',
32 verbose headers   via: '1.1 varnish',
32 verbose headers   connection: 'keep-alive',
32 verbose headers   'x-served-by': 'cache-sjc3629-SJC',
32 verbose headers   'x-cache': 'MISS',
32 verbose headers   'x-cache-hits': '0',
32 verbose headers   'x-timer': 'S1492288808.283331,VS0,VE123',
32 verbose headers   vary: 'Accept-Encoding' }
33 silly get cb [ 200,
33 silly get   { server: 'nginx/1.10.1',
33 silly get     'content-type': 'application/json',
33 silly get     'last-modified': 'Sat, 15 Apr 2017 20:05:56 GMT',
33 silly get     etag: 'W/"58f27d24-3260"',
33 silly get     'content-encoding': 'gzip',
33 silly get     'cache-control': 'max-age=300',
33 silly get     'transfer-encoding': 'chunked',
33 silly get     'accept-ranges': 'bytes',
33 silly get     date: 'Sat, 15 Apr 2017 20:40:08 GMT',
33 silly get     via: '1.1 varnish',
33 silly get     connection: 'keep-alive',
33 silly get     'x-served-by': 'cache-sjc3629-SJC',
33 silly get     'x-cache': 'MISS',
33 silly get     'x-cache-hits': '0',
33 silly get     'x-timer': 'S1492288808.283331,VS0,VE123',
33 silly get     vary: 'Accept-Encoding' } ]
34 verbose get saving thing.js to /Users/JakeHartnell/.npm/registry.npmjs.org/thing.js/.cache.json
35 verbose correctMkdir /Users/JakeHartnell/.npm correctMkdir not in flight; initializing
36 silly resolveWithNewModule thing.js@0.3.5 checking installable status
37 silly cache add args [ 'thing.js@^0.3.5', null ]
38 verbose cache add spec thing.js@^0.3.5
39 silly cache add parsed spec Result {
39 silly cache add   raw: 'thing.js@^0.3.5',
39 silly cache add   scope: null,
39 silly cache add   escapedName: 'thing.js',
39 silly cache add   name: 'thing.js',
39 silly cache add   rawSpec: '^0.3.5',
39 silly cache add   spec: '>=0.3.5 <0.4.0',
39 silly cache add   type: 'range' }
40 silly addNamed thing.js@>=0.3.5 <0.4.0
41 verbose addNamed ">=0.3.5 <0.4.0" is a valid semver range for thing.js
42 silly addNameRange { name: 'thing.js', range: '>=0.3.5 <0.4.0', hasData: false }
43 silly mapToRegistry name thing.js
44 silly mapToRegistry using default registry
45 silly mapToRegistry registry https://registry.npmjs.org/
46 silly mapToRegistry data Result {
46 silly mapToRegistry   raw: 'thing.js',
46 silly mapToRegistry   scope: null,
46 silly mapToRegistry   escapedName: 'thing.js',
46 silly mapToRegistry   name: 'thing.js',
46 silly mapToRegistry   rawSpec: '',
46 silly mapToRegistry   spec: 'latest',
46 silly mapToRegistry   type: 'tag' }
47 silly mapToRegistry uri https://registry.npmjs.org/thing.js
48 verbose addNameRange registry:https://registry.npmjs.org/thing.js not in flight; fetching
49 verbose get https://registry.npmjs.org/thing.js not expired, no request
50 silly addNameRange number 2 { name: 'thing.js', range: '>=0.3.5 <0.4.0', hasData: true }
51 silly addNameRange versions [ 'thing.js', [ '0.0.0', '0.3.1', '0.3.2', '0.3.4', '0.3.5' ] ]
52 silly addNamed thing.js@0.3.5
53 verbose addNamed "0.3.5" is a plain semver version for thing.js
54 silly mapToRegistry name thing.js
55 silly mapToRegistry using default registry
56 silly mapToRegistry registry https://registry.npmjs.org/
57 silly mapToRegistry data Result {
57 silly mapToRegistry   raw: 'thing.js',
57 silly mapToRegistry   scope: null,
57 silly mapToRegistry   escapedName: 'thing.js',
57 silly mapToRegistry   name: 'thing.js',
57 silly mapToRegistry   rawSpec: '',
57 silly mapToRegistry   spec: 'latest',
57 silly mapToRegistry   type: 'tag' }
58 silly mapToRegistry uri https://registry.npmjs.org/thing.js
59 verbose addRemoteTarball https://registry.npmjs.org/thing.js/-/thing.js-0.3.5.tgz not in flight; adding
60 verbose addRemoteTarball [ 'https://registry.npmjs.org/thing.js/-/thing.js-0.3.5.tgz',
60 verbose addRemoteTarball   '913f6b6515bc5accd890d926a4980ac102264fcc' ]
61 info retry fetch attempt 1 at 1:40:08 PM
62 info attempt registry request try #1 at 1:40:08 PM
63 http fetch GET https://registry.npmjs.org/thing.js/-/thing.js-0.3.5.tgz
64 verbose request using bearer token for auth
65 http fetch 200 https://registry.npmjs.org/thing.js/-/thing.js-0.3.5.tgz
66 silly fetchAndShaCheck shasum 913f6b6515bc5accd890d926a4980ac102264fcc
67 verbose addTmpTarball /var/folders/n6/vphzphv94z7004zds1ftn7240000gn/T/npm-2931-69b7e6b7/registry.npmjs.org/thing.js/-/thing.js-0.3.5.tgz not in flight; adding
68 verbose addTmpTarball already have metadata; skipping unpack for thing.js@0.3.5
69 verbose correctMkdir /Users/JakeHartnell/.npm correctMkdir not in flight; initializing
70 silly cache afterAdd thing.js@0.3.5
71 verbose afterAdd /Users/JakeHartnell/.npm/thing.js/0.3.5/package/package.json not in flight; writing
72 verbose correctMkdir /Users/JakeHartnell/.npm correctMkdir not in flight; initializing
73 verbose afterAdd /Users/JakeHartnell/.npm/thing.js/0.3.5/package/package.json written
74 silly loadAllDepsIntoIdealTree Finishing
75 silly loadIdealTree Finishing
76 silly currentTree Grow.js@0.3.3
76 silly currentTree ├─┬ acorn-jsx@3.0.1
76 silly currentTree │ └── acorn@3.3.0
76 silly currentTree ├── acorn@4.0.4
76 silly currentTree ├── ajv-keywords@1.5.1
76 silly currentTree ├── ajv@4.11.4
76 silly currentTree ├── ansi-escapes@1.4.0
76 silly currentTree ├── ansi-regex@2.1.1
76 silly currentTree ├── ansi-styles@2.2.1
76 silly currentTree ├── argparse@1.0.9
76 silly currentTree ├── array-union@1.0.2
76 silly currentTree ├── array-uniq@1.0.3
76 silly currentTree ├── arrify@1.0.1
76 silly currentTree ├── ascii-codes@1.0.0
76 silly currentTree ├── asn1@0.2.3
76 silly currentTree ├── assert-plus@0.2.0
76 silly currentTree ├── assertion-error@1.0.2
76 silly currentTree ├── async@2.1.5
76 silly currentTree ├── awesome-pid@1.0.3
76 silly currentTree ├── aws-sign2@0.6.0
76 silly currentTree ├── aws4@1.6.0
76 silly currentTree ├── babel-code-frame@6.22.0
76 silly currentTree ├── babel-core@6.23.1
76 silly currentTree ├── babel-eslint@6.1.2
76 silly currentTree ├─┬ babel-generator@6.23.0
76 silly currentTree │ └── jsesc@1.3.0
76 silly currentTree ├── babel-helper-call-delegate@6.22.0
76 silly currentTree ├── babel-helper-define-map@6.23.0
76 silly currentTree ├── babel-helper-function-name@6.23.0
76 silly currentTree ├── babel-helper-get-function-arity@6.22.0
76 silly currentTree ├── babel-helper-hoist-variables@6.22.0
76 silly currentTree ├── babel-helper-optimise-call-expression@6.23.0
76 silly currentTree ├── babel-helper-regex@6.22.0
76 silly currentTree ├── babel-helper-replace-supers@6.23.0
76 silly currentTree ├── babel-helpers@6.23.0
76 silly currentTree ├── babel-messages@6.23.0
76 silly currentTree ├── babel-plugin-check-es2015-constants@6.22.0
76 silly currentTree ├── babel-plugin-external-helpers@6.22.0
76 silly currentTree ├── babel-plugin-transform-es2015-arrow-functions@6.22.0
76 silly currentTree ├── babel-plugin-transform-es2015-block-scoped-functions@6.22.0
76 silly currentTree ├── babel-plugin-transform-es2015-block-scoping@6.23.0
76 silly currentTree ├── babel-plugin-transform-es2015-classes@6.23.0
76 silly currentTree ├── babel-plugin-transform-es2015-computed-properties@6.22.0
76 silly currentTree ├── babel-plugin-transform-es2015-destructuring@6.23.0
76 silly currentTree ├── babel-plugin-transform-es2015-duplicate-keys@6.22.0
76 silly currentTree ├── babel-plugin-transform-es2015-for-of@6.23.0
76 silly currentTree ├── babel-plugin-transform-es2015-function-name@6.22.0
76 silly currentTree ├── babel-plugin-transform-es2015-literals@6.22.0
76 silly currentTree ├── babel-plugin-transform-es2015-modules-amd@6.24.0
76 silly currentTree ├── babel-plugin-transform-es2015-modules-commonjs@6.24.0
76 silly currentTree ├── babel-plugin-transform-es2015-modules-systemjs@6.23.0
76 silly currentTree ├── babel-plugin-transform-es2015-modules-umd@6.24.0
76 silly currentTree ├── babel-plugin-transform-es2015-object-super@6.22.0
76 silly currentTree ├── babel-plugin-transform-es2015-parameters@6.23.0
76 silly currentTree ├── babel-plugin-transform-es2015-shorthand-properties@6.22.0
76 silly currentTree ├── babel-plugin-transform-es2015-spread@6.22.0
76 silly currentTree ├── babel-plugin-transform-es2015-sticky-regex@6.22.0
76 silly currentTree ├── babel-plugin-transform-es2015-template-literals@6.22.0
76 silly currentTree ├── babel-plugin-transform-es2015-typeof-symbol@6.23.0
76 silly currentTree ├── babel-plugin-transform-es2015-unicode-regex@6.22.0
76 silly currentTree ├── babel-plugin-transform-regenerator@6.22.0
76 silly currentTree ├── babel-plugin-transform-strict-mode@6.22.0
76 silly currentTree ├── babel-preset-es2015-rollup@3.0.0
76 silly currentTree ├── babel-preset-es2015@6.24.0
76 silly currentTree ├─┬ babel-register@6.24.0
76 silly currentTree │ ├── babel-core@6.24.0
76 silly currentTree │ ├── babel-generator@6.24.0
76 silly currentTree │ └── jsesc@1.3.0
76 silly currentTree ├── babel-runtime@6.23.0
76 silly currentTree ├── babel-template@6.23.0
76 silly currentTree ├── babel-traverse@6.23.1
76 silly currentTree ├── babel-types@6.23.0
76 silly currentTree ├── babelrc-rollup@1.2.0
76 silly currentTree ├── babylon@6.16.1
76 silly currentTree ├── balanced-match@0.4.2
76 silly currentTree ├── bcrypt-pbkdf@1.0.1
76 silly currentTree ├── bindings@1.2.1
76 silly currentTree ├── bl@1.2.0
76 silly currentTree ├── boom@2.10.1
76 silly currentTree ├── brace-expansion@1.1.6
76 silly currentTree ├── browser-serialport@2.1.0
76 silly currentTree ├── buffer-shims@1.0.0
76 silly currentTree ├── caller-path@0.1.0
76 silly currentTree ├── callsites@0.2.0
76 silly currentTree ├── capitalize@1.0.0
76 silly currentTree ├── caseless@0.11.0
76 silly currentTree ├── chai@3.5.0
76 silly currentTree ├── chalk@1.1.3
76 silly currentTree ├── circular-json@0.3.1
76 silly currentTree ├── cli-cursor@1.0.2
76 silly currentTree ├── cli-width@2.1.0
76 silly currentTree ├── co@4.6.0
76 silly currentTree ├── coap-packet@0.1.13
76 silly currentTree ├── coap@0.20.0
76 silly currentTree ├── code-point-at@1.1.0
76 silly currentTree ├── color-convert@1.2.2
76 silly currentTree ├── combined-stream@1.0.5
76 silly currentTree ├── commander@2.9.0
76 silly currentTree ├── concat-map@0.0.1
76 silly currentTree ├── concat-stream@1.6.0
76 silly currentTree ├── convert-source-map@1.4.0
76 silly currentTree ├── core-js@2.4.1
76 silly currentTree ├── core-util-is@1.0.2
76 silly currentTree ├── cryptiles@2.0.5
76 silly currentTree ├── d@0.1.1
76 silly currentTree ├─┬ dashdash@1.14.1
76 silly currentTree │ └── assert-plus@1.0.0
76 silly currentTree ├── ddp-ejson@0.8.1-3
76 silly currentTree ├── ddp-underscore-patched@0.8.1-2
76 silly currentTree ├── ddp@0.12.1
76 silly currentTree ├── debug@2.6.1
76 silly currentTree ├─┬ deep-eql@0.1.3
76 silly currentTree │ └── type-detect@0.1.1
76 silly currentTree ├── deep-is@0.1.3
76 silly currentTree ├── define-properties@1.1.2
76 silly currentTree ├── del@2.2.2
76 silly currentTree ├── delayed-stream@1.0.0
76 silly currentTree ├── detect-indent@4.0.0
76 silly currentTree ├── diff@1.4.0
76 silly currentTree ├── doctrine@1.5.0
76 silly currentTree ├── ease-component@1.0.0
76 silly currentTree ├── ecc-jsbn@0.1.1
76 silly currentTree ├── es5-ext@0.10.12
76 silly currentTree ├── es6-iterator@2.0.0
76 silly currentTree ├── es6-map@0.1.4
76 silly currentTree ├── es6-promise@3.3.1
76 silly currentTree ├── es6-set@0.1.4
76 silly currentTree ├── es6-shim@0.35.3
76 silly currentTree ├── es6-symbol@3.1.0
76 silly currentTree ├── es6-weak-map@2.0.1
76 silly currentTree ├── escape-string-regexp@1.0.5
76 silly currentTree ├── escope@3.6.0
76 silly currentTree ├── eslint@2.13.1
76 silly currentTree ├── espree@3.4.0
76 silly currentTree ├── esprima@3.1.3
76 silly currentTree ├─┬ esrecurse@4.1.0
76 silly currentTree │ └── estraverse@4.1.1
76 silly currentTree ├── estraverse@4.2.0
76 silly currentTree ├── estree-walker@0.2.1
76 silly currentTree ├── esutils@2.0.2
76 silly currentTree ├── event-emitter@0.3.4
76 silly currentTree ├── exit-hook@1.1.1
76 silly currentTree ├── extend@3.0.0
76 silly currentTree ├── extsprintf@1.0.2
76 silly currentTree ├── fast-levenshtein@2.0.6
76 silly currentTree ├── fastseries@1.7.2
76 silly currentTree ├── faye-websocket@0.11.0
76 silly currentTree ├── figures@1.7.0
76 silly currentTree ├── file-entry-cache@1.3.1
76 silly currentTree ├─┬ firmata@0.12.0
76 silly currentTree │ ├── es6-shim@0.33.13
76 silly currentTree │ ├── ms@0.7.1
76 silly currentTree │ └─┬ serialport@3.1.2
76 silly currentTree │   └─┬ node-pre-gyp@0.6.28
76 silly currentTree │     ├── debug@2.2.0
76 silly currentTree │     ├─┬ mkdirp@0.5.1
76 silly currentTree │     │ └── minimist@0.0.8
76 silly currentTree │     ├─┬ nopt@3.0.6
76 silly currentTree │     │ └── abbrev@1.0.7
76 silly currentTree │     ├─┬ npmlog@2.0.3
76 silly currentTree │     │ ├── ansi@0.3.1
76 silly currentTree │     │ ├─┬ are-we-there-yet@1.1.2
76 silly currentTree │     │ │ ├── delegates@1.0.0
76 silly currentTree │     │ │ └─┬ readable-stream@2.1.2
76 silly currentTree │     │ │   ├── core-util-is@1.0.2
76 silly currentTree │     │ │   ├── inherits@2.0.1
76 silly currentTree │     │ │   ├── isarray@1.0.0
76 silly currentTree │     │ │   ├── process-nextick-args@1.0.7
76 silly currentTree │     │ │   ├── string_decoder@0.10.31
76 silly currentTree │     │ │   └── util-deprecate@1.0.2
76 silly currentTree │     │ └─┬ gauge@1.2.7
76 silly currentTree │     │   ├── has-unicode@2.0.0
76 silly currentTree │     │   ├─┬ lodash.pad@4.4.0
76 silly currentTree │     │   │ ├── lodash._baseslice@4.0.0
76 silly currentTree │     │   │ ├── lodash._basetostring@4.12.0
76 silly currentTree │     │   │ └── lodash.tostring@4.1.3
76 silly currentTree │     │   ├─┬ lodash.padend@4.5.0
76 silly currentTree │     │   │ ├── lodash._baseslice@4.0.0
76 silly currentTree │     │   │ ├── lodash._basetostring@4.12.0
76 silly currentTree │     │   │ └── lodash.tostring@4.1.3
76 silly currentTree │     │   └─┬ lodash.padstart@4.5.0
76 silly currentTree │     │     ├── lodash._baseslice@4.0.0
76 silly currentTree │     │     ├── lodash._basetostring@4.12.0
76 silly currentTree │     │     └── lodash.tostring@4.1.3
76 silly currentTree │     ├─┬ rc@1.1.6
76 silly currentTree │     │ ├── deep-extend@0.4.1
76 silly currentTree │     │ ├── ini@1.3.4
76 silly currentTree │     │ ├── minimist@1.2.0
76 silly currentTree │     │ └── strip-json-comments@1.0.4
76 silly currentTree │     ├─┬ request@2.72.0
76 silly currentTree │     │ ├── aws-sign2@0.6.0
76 silly currentTree │     │ ├── aws4@1.4.1
76 silly currentTree │     │ ├─┬ bl@1.1.2
76 silly currentTree │     │ │ └─┬ readable-stream@2.0.6
76 silly currentTree │     │ │   ├── core-util-is@1.0.2
76 silly currentTree │     │ │   ├── inherits@2.0.1
76 silly currentTree │     │ │   ├── isarray@1.0.0
76 silly currentTree │     │ │   ├── process-nextick-args@1.0.7
76 silly currentTree │     │ │   ├── string_decoder@0.10.31
76 silly currentTree │     │ │   └── util-deprecate@1.0.2
76 silly currentTree │     │ ├── caseless@0.11.0
76 silly currentTree │     │ ├─┬ combined-stream@1.0.5
76 silly currentTree │     │ │ └── delayed-stream@1.0.0
76 silly currentTree │     │ ├── extend@3.0.0
76 silly currentTree │     │ ├── forever-agent@0.6.1
76 silly currentTree │     │ ├─┬ form-data@1.0.0-rc4
76 silly currentTree │     │ │ └── async@1.5.2
76 silly currentTree │     │ ├─┬ har-validator@2.0.6
76 silly currentTree │     │ │ ├─┬ chalk@1.1.3
76 silly currentTree │     │ │ │ ├── ansi-styles@2.2.1
76 silly currentTree │     │ │ │ ├── escape-string-regexp@1.0.5
76 silly currentTree │     │ │ │ ├─┬ has-ansi@2.0.0
76 silly currentTree │     │ │ │ │ └── ansi-regex@2.0.0
76 silly currentTree │     │ │ │ ├─┬ strip-ansi@3.0.1
76 silly currentTree │     │ │ │ │ └── ansi-regex@2.0.0
76 silly currentTree │     │ │ │ └── supports-color@2.0.0
76 silly currentTree │     │ │ ├─┬ is-my-json-valid@2.13.1
76 silly currentTree │     │ │ │ ├── generate-function@2.0.0
76 silly currentTree │     │ │ │ ├─┬ generate-object-property@1.2.0
76 silly currentTree │     │ │ │ │ └── is-property@1.0.2
76 silly currentTree │     │ │ │ ├── jsonpointer@2.0.0
76 silly currentTree │     │ │ │ └── xtend@4.0.1
76 silly currentTree │     │ │ └─┬ pinkie-promise@2.0.1
76 silly currentTree │     │ │   └── pinkie@2.0.4
76 silly currentTree │     │ ├─┬ hawk@3.1.3
76 silly currentTree │     │ │ ├── boom@2.10.1
76 silly currentTree │     │ │ ├── cryptiles@2.0.5
76 silly currentTree │     │ │ ├── hoek@2.16.3
76 silly currentTree │     │ │ └── sntp@1.0.9
76 silly currentTree │     │ ├─┬ http-signature@1.1.1
76 silly currentTree │     │ │ ├── assert-plus@0.2.0
76 silly currentTree │     │ │ ├─┬ jsprim@1.2.2
76 silly currentTree │     │ │ │ ├── extsprintf@1.0.2
76 silly currentTree │     │ │ │ ├── json-schema@0.2.2
76 silly currentTree │     │ │ │ └── verror@1.3.6
76 silly currentTree │     │ │ └─┬ sshpk@1.8.3
76 silly currentTree │     │ │   ├── asn1@0.2.3
76 silly currentTree │     │ │   ├── assert-plus@1.0.0
76 silly currentTree │     │ │   ├── dashdash@1.13.1
76 silly currentTree │     │ │   ├── ecc-jsbn@0.1.1
76 silly currentTree │     │ │   ├── getpass@0.1.6
76 silly currentTree │     │ │   ├── jodid25519@1.0.2
76 silly currentTree │     │ │   ├── jsbn@0.1.0
76 silly currentTree │     │ │   └── tweetnacl@0.13.3
76 silly currentTree │     │ ├── is-typedarray@1.0.0
76 silly currentTree │     │ ├── isstream@0.1.2
76 silly currentTree │     │ ├── json-stringify-safe@5.0.1
76 silly currentTree │     │ ├─┬ mime-types@2.1.11
76 silly currentTree │     │ │ └── mime-db@1.23.0
76 silly currentTree │     │ ├── node-uuid@1.4.7
76 silly currentTree │     │ ├── oauth-sign@0.8.2
76 silly currentTree │     │ ├── qs@6.1.0
76 silly currentTree │     │ ├── stringstream@0.0.5
76 silly currentTree │     │ ├── tough-cookie@2.2.2
76 silly currentTree │     │ └── tunnel-agent@0.4.3
76 silly currentTree │     ├─┬ rimraf@2.5.2
76 silly currentTree │     │ └─┬ glob@7.0.3
76 silly currentTree │     │   ├─┬ inflight@1.0.4
76 silly currentTree │     │   │ └── wrappy@1.0.1
76 silly currentTree │     │   ├── inherits@2.0.1
76 silly currentTree │     │   ├─┬ minimatch@3.0.0
76 silly currentTree │     │   │ └─┬ brace-expansion@1.1.4
76 silly currentTree │     │   │   ├── balanced-match@0.4.1
76 silly currentTree │     │   │   └── concat-map@0.0.1
76 silly currentTree │     │   ├─┬ once@1.3.3
76 silly currentTree │     │   │ └── wrappy@1.0.1
76 silly currentTree │     │   └── path-is-absolute@1.0.0
76 silly currentTree │     ├── semver@5.1.0
76 silly currentTree │     ├─┬ tar-pack@3.1.3
76 silly currentTree │     │ ├─┬ fstream-ignore@1.0.4
76 silly currentTree │     │ │ ├── inherits@2.0.1
76 silly currentTree │     │ │ └─┬ minimatch@3.0.0
76 silly currentTree │     │ │   └─┬ brace-expansion@1.1.4
76 silly currentTree │     │ │     ├── balanced-match@0.4.1
76 silly currentTree │     │ │     └── concat-map@0.0.1
76 silly currentTree │     │ ├─┬ fstream@1.0.9
76 silly currentTree │     │ │ ├── graceful-fs@4.1.4
76 silly currentTree │     │ │ └── inherits@2.0.1
76 silly currentTree │     │ ├─┬ once@1.3.3
76 silly currentTree │     │ │ └── wrappy@1.0.1
76 silly currentTree │     │ ├─┬ readable-stream@2.0.6
76 silly currentTree │     │ │ ├── core-util-is@1.0.2
76 silly currentTree │     │ │ ├── inherits@2.0.1
76 silly currentTree │     │ │ ├── isarray@1.0.0
76 silly currentTree │     │ │ ├── process-nextick-args@1.0.7
76 silly currentTree │     │ │ ├── string_decoder@0.10.31
76 silly currentTree │     │ │ └── util-deprecate@1.0.2
76 silly currentTree │     │ └── uid-number@0.0.6
76 silly currentTree │     └─┬ tar@2.2.1
76 silly currentTree │       ├── block-stream@0.0.9
76 silly currentTree │       ├─┬ fstream@1.0.9
76 silly currentTree │       │ └── graceful-fs@4.1.4
76 silly currentTree │       └── inherits@2.0.1
76 silly currentTree ├── flat-cache@1.2.2
76 silly currentTree ├── foreach@2.0.5
76 silly currentTree ├── forever-agent@0.6.1
76 silly currentTree ├── form-data@1.0.1
76 silly currentTree ├── fs.realpath@1.0.0
76 silly currentTree ├── function-bind@1.1.0
76 silly currentTree ├── generate-function@2.0.0
76 silly currentTree ├── generate-object-property@1.2.0
76 silly currentTree ├─┬ getpass@0.1.6
76 silly currentTree │ └── assert-plus@1.0.0
76 silly currentTree ├── glob@7.1.1
76 silly currentTree ├── globals@9.16.0
76 silly currentTree ├── globby@5.0.0
76 silly currentTree ├── graceful-fs@4.1.11
76 silly currentTree ├── graceful-readlink@1.0.1
76 silly currentTree ├── growl@1.9.2
76 silly currentTree ├── har-validator@2.0.6
76 silly currentTree ├── has-ansi@2.0.0
76 silly currentTree ├── hawk@3.1.3
76 silly currentTree ├── hoek@2.16.3
76 silly currentTree ├── home-or-tmp@2.0.0
76 silly currentTree ├── hs100-api@0.3.0
76 silly currentTree ├── http-signature@1.1.1
76 silly currentTree ├── ignore@3.2.4
76 silly currentTree ├── immediate@3.0.6
76 silly currentTree ├── imurmurhash@0.1.4
76 silly currentTree ├── inflight@1.0.6
76 silly currentTree ├── inherits@2.0.3
76 silly currentTree ├── inquirer@0.12.0
76 silly currentTree ├── invariant@2.2.2
76 silly currentTree ├── is-finite@1.0.2
76 silly currentTree ├── is-fullwidth-code-point@1.0.0
76 silly currentTree ├── is-my-json-valid@2.16.0
76 silly currentTree ├── is-path-cwd@1.0.0
76 silly currentTree ├── is-path-in-cwd@1.0.0
76 silly currentTree ├── is-path-inside@1.0.0
76 silly currentTree ├── is-property@1.0.2
76 silly currentTree ├── is-resolvable@1.0.0
76 silly currentTree ├── is-typedarray@1.0.0
76 silly currentTree ├── isarray@1.0.0
76 silly currentTree ├── isstream@0.1.2
76 silly currentTree ├─┬ jade@0.26.3
76 silly currentTree │ ├── commander@0.6.1
76 silly currentTree │ └── mkdirp@0.3.0
76 silly currentTree ├── jodid25519@1.0.2
76 silly currentTree ├─┬ johnny-five@0.9.62
76 silly currentTree │ ├── chalk@1.1.3
76 silly currentTree │ └── temporal@0.5.0
76 silly currentTree ├── js-tokens@3.0.1
76 silly currentTree ├── js-yaml@3.8.2
76 silly currentTree ├── jsbn@0.1.1
76 silly currentTree ├── jsesc@0.5.0
76 silly currentTree ├── json-schema@0.2.3
76 silly currentTree ├── json-stable-stringify@1.0.1
76 silly currentTree ├── json-stringify-safe@5.0.1
76 silly currentTree ├── json5@0.5.1
76 silly currentTree ├── jsonify@0.0.0
76 silly currentTree ├── jsonpointer@4.0.1
76 silly currentTree ├── jsprim@1.3.1
76 silly currentTree ├── later@1.2.0
76 silly currentTree ├── levn@0.3.0
76 silly currentTree ├── lie@3.1.1
76 silly currentTree ├── lodash.assign@4.2.0
76 silly currentTree ├── lodash.clonedeep@4.5.0
76 silly currentTree ├── lodash.debounce@4.0.8
76 silly currentTree ├── lodash.pickby@4.6.0
76 silly currentTree ├── lodash@4.17.4
76 silly currentTree ├── loose-envify@1.3.1
76 silly currentTree ├── lru-cache@4.0.2
76 silly currentTree ├── mime-db@1.26.0
76 silly currentTree ├── mime-types@2.1.14
76 silly currentTree ├── minimatch@3.0.3
76 silly currentTree ├── minimist@0.0.8
76 silly currentTree ├── mkdirp@0.5.1
76 silly currentTree ├─┬ mocha@2.5.3
76 silly currentTree │ ├── commander@2.3.0
76 silly currentTree │ ├── debug@2.2.0
76 silly currentTree │ ├── escape-string-regexp@1.0.2
76 silly currentTree │ ├── glob@3.2.11
76 silly currentTree │ ├── lru-cache@2.7.3
76 silly currentTree │ ├── minimatch@0.3.0
76 silly currentTree │ ├── ms@0.7.1
76 silly currentTree │ └── supports-color@1.2.0
76 silly currentTree ├── mr-doc-theme-cayman@1.4.1
76 silly currentTree ├── ms@0.7.2
76 silly currentTree ├── mute-stream@0.0.5
76 silly currentTree ├── nan@2.5.1
76 silly currentTree ├── nanotimer@0.3.10
76 silly currentTree ├── node-pid-controller@1.0.0
76 silly currentTree ├── node-uuid@1.4.7
76 silly currentTree ├── number-is-nan@1.0.1
76 silly currentTree ├── oauth-sign@0.8.2
76 silly currentTree ├── object-assign@4.1.1
76 silly currentTree ├── object-keys@1.0.11
76 silly currentTree ├── object.assign@4.0.4
76 silly currentTree ├── once@1.4.0
76 silly currentTree ├── onetime@1.1.0
76 silly currentTree ├── optionator@0.8.2
76 silly currentTree ├── os-homedir@1.0.2
76 silly currentTree ├── os-tmpdir@1.0.2
76 silly currentTree ├── path-is-absolute@1.0.1
76 silly currentTree ├── path-is-inside@1.0.2
76 silly currentTree ├── pify@2.3.0
76 silly currentTree ├── pinkie-promise@2.0.1
76 silly currentTree ├── pinkie@2.0.4
76 silly currentTree ├── pluralize@1.2.1
76 silly currentTree ├── prelude-ls@1.1.2
76 silly currentTree ├── private@0.1.7
76 silly currentTree ├── process-nextick-args@1.0.7
76 silly currentTree ├── progress@1.1.8
76 silly currentTree ├── pseudomap@1.0.2
76 silly currentTree ├── punycode@1.4.1
76 silly currentTree ├── qs@6.2.2
76 silly currentTree ├── readable-stream@2.2.3
76 silly currentTree ├── readline2@1.0.1
76 silly currentTree ├── regenerate@1.3.2
76 silly currentTree ├── regenerator-runtime@0.10.3
76 silly currentTree ├── regenerator-transform@0.9.8
76 silly currentTree ├── regexpu-core@2.0.0
76 silly currentTree ├── regjsgen@0.2.0
76 silly currentTree ├── regjsparser@0.1.5
76 silly currentTree ├── repeating@2.0.1
76 silly currentTree ├─┬ request@2.74.0
76 silly currentTree │ ├── bl@1.1.2
76 silly currentTree │ └── readable-stream@2.0.6
76 silly currentTree ├── require-relative@0.8.7
76 silly currentTree ├── require-uncached@1.0.3
76 silly currentTree ├── resolve-from@1.0.1
76 silly currentTree ├── restore-cursor@1.0.1
76 silly currentTree ├── reusify@1.0.1
76 silly currentTree ├── rimraf@2.6.1
76 silly currentTree ├── rollup-plugin-babel@2.7.1
76 silly currentTree ├── rollup-pluginutils@1.5.2
76 silly currentTree ├── rollup@0.41.6
76 silly currentTree ├── run-async@0.1.0
76 silly currentTree ├── rx-lite@3.1.2
76 silly currentTree ├─┬ serialport@4.0.7
76 silly currentTree │ └─┬ node-pre-gyp@0.6.32
76 silly currentTree │   ├─┬ mkdirp@0.5.1
76 silly currentTree │   │ └── minimist@0.0.8
76 silly currentTree │   ├─┬ nopt@3.0.6
76 silly currentTree │   │ └── abbrev@1.0.9
76 silly currentTree │   ├─┬ npmlog@4.0.1
76 silly currentTree │   │ ├─┬ are-we-there-yet@1.1.2
76 silly currentTree │   │ │ ├── delegates@1.0.0
76 silly currentTree │   │ │ └─┬ readable-stream@2.2.2
76 silly currentTree │   │ │   ├── buffer-shims@1.0.0
76 silly currentTree │   │ │   ├── core-util-is@1.0.2
76 silly currentTree │   │ │   ├── inherits@2.0.3
76 silly currentTree │   │ │   ├── isarray@1.0.0
76 silly currentTree │   │ │   ├── process-nextick-args@1.0.7
76 silly currentTree │   │ │   ├── string_decoder@0.10.31
76 silly currentTree │   │ │   └── util-deprecate@1.0.2
76 silly currentTree │   │ ├── console-control-strings@1.1.0
76 silly currentTree │   │ ├─┬ gauge@2.7.2
76 silly currentTree │   │ │ ├── aproba@1.0.4
76 silly currentTree │   │ │ ├── has-unicode@2.0.1
76 silly currentTree │   │ │ ├── object-assign@4.1.0
76 silly currentTree │   │ │ ├── signal-exit@3.0.2
76 silly currentTree │   │ │ ├─┬ string-width@1.0.2
76 silly currentTree │   │ │ │ ├── code-point-at@1.1.0
76 silly currentTree │   │ │ │ └─┬ is-fullwidth-code-point@1.0.0
76 silly currentTree │   │ │ │   └── number-is-nan@1.0.1
76 silly currentTree │   │ │ ├─┬ strip-ansi@3.0.1
76 silly currentTree │   │ │ │ └── ansi-regex@2.0.0
76 silly currentTree │   │ │ ├── supports-color@0.2.0
76 silly currentTree │   │ │ └── wide-align@1.1.0
76 silly currentTree │   │ └── set-blocking@2.0.0
76 silly currentTree │   ├─┬ rc@1.1.6
76 silly currentTree │   │ ├── deep-extend@0.4.1
76 silly currentTree │   │ ├── ini@1.3.4
76 silly currentTree │   │ ├── minimist@1.2.0
76 silly currentTree │   │ └── strip-json-comments@1.0.4
76 silly currentTree │   ├─┬ request@2.79.0
76 silly currentTree │   │ ├── aws-sign2@0.6.0
76 silly currentTree │   │ ├── aws4@1.5.0
76 silly currentTree │   │ ├── caseless@0.11.0
76 silly currentTree │   │ ├─┬ combined-stream@1.0.5
76 silly currentTree │   │ │ └── delayed-stream@1.0.0
76 silly currentTree │   │ ├── extend@3.0.0
76 silly currentTree │   │ ├── forever-agent@0.6.1
76 silly currentTree │   │ ├─┬ form-data@2.1.2
76 silly currentTree │   │ │ └── asynckit@0.4.0
76 silly currentTree │   │ ├─┬ har-validator@2.0.6
76 silly currentTree │   │ │ ├─┬ chalk@1.1.3
76 silly currentTree │   │ │ │ ├── ansi-styles@2.2.1
76 silly currentTree │   │ │ │ ├── escape-string-regexp@1.0.5
76 silly currentTree │   │ │ │ ├─┬ has-ansi@2.0.0
76 silly currentTree │   │ │ │ │ └── ansi-regex@2.0.0
76 silly currentTree │   │ │ │ ├─┬ strip-ansi@3.0.1
76 silly currentTree │   │ │ │ │ └── ansi-regex@2.0.0
76 silly currentTree │   │ │ │ └── supports-color@2.0.0
76 silly currentTree │   │ │ ├─┬ is-my-json-valid@2.15.0
76 silly currentTree │   │ │ │ ├── generate-function@2.0.0
76 silly currentTree │   │ │ │ ├─┬ generate-object-property@1.2.0
76 silly currentTree │   │ │ │ │ └── is-property@1.0.2
76 silly currentTree │   │ │ │ ├── jsonpointer@4.0.0
76 silly currentTree │   │ │ │ └── xtend@4.0.1
76 silly currentTree │   │ │ └─┬ pinkie-promise@2.0.1
76 silly currentTree │   │ │   └── pinkie@2.0.4
76 silly currentTree │   │ ├─┬ hawk@3.1.3
76 silly currentTree │   │ │ ├── boom@2.10.1
76 silly currentTree │   │ │ ├── cryptiles@2.0.5
76 silly currentTree │   │ │ ├── hoek@2.16.3
76 silly currentTree │   │ │ └── sntp@1.0.9
76 silly currentTree │   │ ├─┬ http-signature@1.1.1
76 silly currentTree │   │ │ ├── assert-plus@0.2.0
76 silly currentTree │   │ │ ├─┬ jsprim@1.3.1
76 silly currentTree │   │ │ │ ├── extsprintf@1.0.2
76 silly currentTree │   │ │ │ ├── json-schema@0.2.3
76 silly currentTree │   │ │ │ └── verror@1.3.6
76 silly currentTree │   │ │ └─┬ sshpk@1.10.1
76 silly currentTree │   │ │   ├── asn1@0.2.3
76 silly currentTree │   │ │   ├── assert-plus@1.0.0
76 silly currentTree │   │ │   ├── bcrypt-pbkdf@1.0.0
76 silly currentTree │   │ │   ├── dashdash@1.14.1
76 silly currentTree │   │ │   ├── ecc-jsbn@0.1.1
76 silly currentTree │   │ │   ├── getpass@0.1.6
76 silly currentTree │   │ │   ├── jodid25519@1.0.2
76 silly currentTree │   │ │   ├── jsbn@0.1.0
76 silly currentTree │   │ │   └── tweetnacl@0.14.4
76 silly currentTree │   │ ├── is-typedarray@1.0.0
76 silly currentTree │   │ ├── isstream@0.1.2
76 silly currentTree │   │ ├── json-stringify-safe@5.0.1
76 silly currentTree │   │ ├─┬ mime-types@2.1.13
76 silly currentTree │   │ │ └── mime-db@1.25.0
76 silly currentTree │   │ ├── oauth-sign@0.8.2
76 silly currentTree │   │ ├── qs@6.3.0
76 silly currentTree │   │ ├── stringstream@0.0.5
76 silly currentTree │   │ ├─┬ tough-cookie@2.3.2
76 silly currentTree │   │ │ └── punycode@1.4.1
76 silly currentTree │   │ ├── tunnel-agent@0.4.3
76 silly currentTree │   │ └── uuid@3.0.1
76 silly currentTree │   ├─┬ rimraf@2.5.4
76 silly currentTree │   │ └─┬ glob@7.1.1
76 silly currentTree │   │   ├── fs.realpath@1.0.0
76 silly currentTree │   │   ├─┬ inflight@1.0.6
76 silly currentTree │   │   │ └── wrappy@1.0.2
76 silly currentTree │   │   ├── inherits@2.0.3
76 silly currentTree │   │   ├─┬ minimatch@3.0.3
76 silly currentTree │   │   │ └─┬ brace-expansion@1.1.6
76 silly currentTree │   │   │   ├── balanced-match@0.4.2
76 silly currentTree │   │   │   └── concat-map@0.0.1
76 silly currentTree │   │   ├─┬ once@1.4.0
76 silly currentTree │   │   │ └── wrappy@1.0.2
76 silly currentTree │   │   └── path-is-absolute@1.0.1
76 silly currentTree │   ├── semver@5.3.0
76 silly currentTree │   ├─┬ tar-pack@3.3.0
76 silly currentTree │   │ ├─┬ debug@2.2.0
76 silly currentTree │   │ │ └── ms@0.7.1
76 silly currentTree │   │ ├─┬ fstream-ignore@1.0.5
76 silly currentTree │   │ │ ├── inherits@2.0.3
76 silly currentTree │   │ │ └─┬ minimatch@3.0.3
76 silly currentTree │   │ │   └─┬ brace-expansion@1.1.6
76 silly currentTree │   │ │     ├── balanced-match@0.4.2
76 silly currentTree │   │ │     └── concat-map@0.0.1
76 silly currentTree │   │ ├─┬ fstream@1.0.10
76 silly currentTree │   │ │ ├── graceful-fs@4.1.11
76 silly currentTree │   │ │ └── inherits@2.0.3
76 silly currentTree │   │ ├─┬ once@1.3.3
76 silly currentTree │   │ │ └── wrappy@1.0.2
76 silly currentTree │   │ ├─┬ readable-stream@2.1.5
76 silly currentTree │   │ │ ├── buffer-shims@1.0.0
76 silly currentTree │   │ │ ├── core-util-is@1.0.2
76 silly currentTree │   │ │ ├── inherits@2.0.3
76 silly currentTree │   │ │ ├── isarray@1.0.0
76 silly currentTree │   │ │ ├── process-nextick-args@1.0.7
76 silly currentTree │   │ │ ├── string_decoder@0.10.31
76 silly currentTree │   │ │ └── util-deprecate@1.0.2
76 silly currentTree │   │ └── uid-number@0.0.6
76 silly currentTree │   └─┬ tar@2.2.1
76 silly currentTree │     ├── block-stream@0.0.9
76 silly currentTree │     ├─┬ fstream@1.0.10
76 silly currentTree │     │ └── graceful-fs@4.1.11
76 silly currentTree │     └── inherits@2.0.3
76 silly currentTree ├── shelljs@0.6.1
76 silly currentTree ├── sigmund@1.0.1
76 silly currentTree ├── slash@1.0.0
76 silly currentTree ├── slice-ansi@0.0.4
76 silly currentTree ├── sntp@1.0.9
76 silly currentTree ├── source-map-support@0.4.14
76 silly currentTree ├── source-map@0.5.6
76 silly currentTree ├── sprintf-js@1.0.3
76 silly currentTree ├─┬ sshpk@1.11.0
76 silly currentTree │ └── assert-plus@1.0.0
76 silly currentTree ├── string_decoder@0.10.31
76 silly currentTree ├── string-width@1.0.2
76 silly currentTree ├── stringstream@0.0.5
76 silly currentTree ├── strip-ansi@3.0.1
76 silly currentTree ├── strip-json-comments@1.0.4
76 silly currentTree ├── supports-color@2.0.0
76 silly currentTree ├─┬ table@3.8.3
76 silly currentTree │ ├── is-fullwidth-code-point@2.0.0
76 silly currentTree │ └── string-width@2.0.0
76 silly currentTree ├── temporal@0.5.0
76 silly currentTree ├── text-table@0.2.0
76 silly currentTree ├── Thing.js@0.3.4
76 silly currentTree ├── through@2.3.8
76 silly currentTree ├── to-fast-properties@1.0.2
76 silly currentTree ├── to-iso-string@0.0.2
76 silly currentTree ├── tough-cookie@2.3.2
76 silly currentTree ├── trim-right@1.0.1
76 silly currentTree ├── tryit@1.0.3
76 silly currentTree ├── tunnel-agent@0.4.3
76 silly currentTree ├── tweetnacl@0.14.5
76 silly currentTree ├── type-check@0.3.2
76 silly currentTree ├── type-detect@1.0.0
76 silly currentTree ├── typedarray@0.0.6
76 silly currentTree ├── underscore@1.8.3
76 silly currentTree ├── user-home@2.0.0
76 silly currentTree ├── util-deprecate@1.0.2
76 silly currentTree ├── verror@1.3.6
76 silly currentTree ├── websocket-driver@0.6.5
76 silly currentTree ├── websocket-extensions@0.1.1
76 silly currentTree ├── wordwrap@1.0.0
76 silly currentTree ├── wrappy@1.0.2
76 silly currentTree ├── write@0.2.1
76 silly currentTree ├── xtend@4.0.1
76 silly currentTree └── yallist@2.0.0
77 silly idealTree Grow.js@0.3.3
77 silly idealTree ├─┬ acorn-jsx@3.0.1
77 silly idealTree │ └── acorn@3.3.0
77 silly idealTree ├── acorn@4.0.4
77 silly idealTree ├── ajv-keywords@1.5.1
77 silly idealTree ├── ajv@4.11.4
77 silly idealTree ├── ansi-escapes@1.4.0
77 silly idealTree ├── ansi-regex@2.1.1
77 silly idealTree ├── ansi-styles@2.2.1
77 silly idealTree ├── argparse@1.0.9
77 silly idealTree ├── array-union@1.0.2
77 silly idealTree ├── array-uniq@1.0.3
77 silly idealTree ├── arrify@1.0.1
77 silly idealTree ├── ascii-codes@1.0.0
77 silly idealTree ├── asn1@0.2.3
77 silly idealTree ├── assert-plus@0.2.0
77 silly idealTree ├── assertion-error@1.0.2
77 silly idealTree ├── async@2.1.5
77 silly idealTree ├── awesome-pid@1.0.3
77 silly idealTree ├── aws-sign2@0.6.0
77 silly idealTree ├── aws4@1.6.0
77 silly idealTree ├── babel-code-frame@6.22.0
77 silly idealTree ├── babel-core@6.23.1
77 silly idealTree ├── babel-eslint@6.1.2
77 silly idealTree ├─┬ babel-generator@6.23.0
77 silly idealTree │ └── jsesc@1.3.0
77 silly idealTree ├── babel-helper-call-delegate@6.22.0
77 silly idealTree ├── babel-helper-define-map@6.23.0
77 silly idealTree ├── babel-helper-function-name@6.23.0
77 silly idealTree ├── babel-helper-get-function-arity@6.22.0
77 silly idealTree ├── babel-helper-hoist-variables@6.22.0
77 silly idealTree ├── babel-helper-optimise-call-expression@6.23.0
77 silly idealTree ├── babel-helper-regex@6.22.0
77 silly idealTree ├── babel-helper-replace-supers@6.23.0
77 silly idealTree ├── babel-helpers@6.23.0
77 silly idealTree ├── babel-messages@6.23.0
77 silly idealTree ├── babel-plugin-check-es2015-constants@6.22.0
77 silly idealTree ├── babel-plugin-external-helpers@6.22.0
77 silly idealTree ├── babel-plugin-transform-es2015-arrow-functions@6.22.0
77 silly idealTree ├── babel-plugin-transform-es2015-block-scoped-functions@6.22.0
77 silly idealTree ├── babel-plugin-transform-es2015-block-scoping@6.23.0
77 silly idealTree ├── babel-plugin-transform-es2015-classes@6.23.0
77 silly idealTree ├── babel-plugin-transform-es2015-computed-properties@6.22.0
77 silly idealTree ├── babel-plugin-transform-es2015-destructuring@6.23.0
77 silly idealTree ├── babel-plugin-transform-es2015-duplicate-keys@6.22.0
77 silly idealTree ├── babel-plugin-transform-es2015-for-of@6.23.0
77 silly idealTree ├── babel-plugin-transform-es2015-function-name@6.22.0
77 silly idealTree ├── babel-plugin-transform-es2015-literals@6.22.0
77 silly idealTree ├── babel-plugin-transform-es2015-modules-amd@6.24.0
77 silly idealTree ├── babel-plugin-transform-es2015-modules-commonjs@6.24.0
77 silly idealTree ├── babel-plugin-transform-es2015-modules-systemjs@6.23.0
77 silly idealTree ├── babel-plugin-transform-es2015-modules-umd@6.24.0
77 silly idealTree ├── babel-plugin-transform-es2015-object-super@6.22.0
77 silly idealTree ├── babel-plugin-transform-es2015-parameters@6.23.0
77 silly idealTree ├── babel-plugin-transform-es2015-shorthand-properties@6.22.0
77 silly idealTree ├── babel-plugin-transform-es2015-spread@6.22.0
77 silly idealTree ├── babel-plugin-transform-es2015-sticky-regex@6.22.0
77 silly idealTree ├── babel-plugin-transform-es2015-template-literals@6.22.0
77 silly idealTree ├── babel-plugin-transform-es2015-typeof-symbol@6.23.0
77 silly idealTree ├── babel-plugin-transform-es2015-unicode-regex@6.22.0
77 silly idealTree ├── babel-plugin-transform-regenerator@6.22.0
77 silly idealTree ├── babel-plugin-transform-strict-mode@6.22.0
77 silly idealTree ├── babel-preset-es2015-rollup@3.0.0
77 silly idealTree ├── babel-preset-es2015@6.24.0
77 silly idealTree ├─┬ babel-register@6.24.0
77 silly idealTree │ ├── babel-core@6.24.0
77 silly idealTree │ ├── babel-generator@6.24.0
77 silly idealTree │ └── jsesc@1.3.0
77 silly idealTree ├── babel-runtime@6.23.0
77 silly idealTree ├── babel-template@6.23.0
77 silly idealTree ├── babel-traverse@6.23.1
77 silly idealTree ├── babel-types@6.23.0
77 silly idealTree ├── babelrc-rollup@1.2.0
77 silly idealTree ├── babylon@6.16.1
77 silly idealTree ├── balanced-match@0.4.2
77 silly idealTree ├── bcrypt-pbkdf@1.0.1
77 silly idealTree ├── bindings@1.2.1
77 silly idealTree ├── bl@1.2.0
77 silly idealTree ├── boom@2.10.1
77 silly idealTree ├── brace-expansion@1.1.6
77 silly idealTree ├── browser-serialport@2.1.0
77 silly idealTree ├── buffer-shims@1.0.0
77 silly idealTree ├── caller-path@0.1.0
77 silly idealTree ├── callsites@0.2.0
77 silly idealTree ├── capitalize@1.0.0
77 silly idealTree ├── caseless@0.11.0
77 silly idealTree ├── chai@3.5.0
77 silly idealTree ├── chalk@1.1.3
77 silly idealTree ├── circular-json@0.3.1
77 silly idealTree ├── cli-cursor@1.0.2
77 silly idealTree ├── cli-width@2.1.0
77 silly idealTree ├── co@4.6.0
77 silly idealTree ├── coap-packet@0.1.13
77 silly idealTree ├── coap@0.20.0
77 silly idealTree ├── code-point-at@1.1.0
77 silly idealTree ├── color-convert@1.2.2
77 silly idealTree ├── combined-stream@1.0.5
77 silly idealTree ├── commander@2.9.0
77 silly idealTree ├── concat-map@0.0.1
77 silly idealTree ├── concat-stream@1.6.0
77 silly idealTree ├── convert-source-map@1.4.0
77 silly idealTree ├── core-js@2.4.1
77 silly idealTree ├── core-util-is@1.0.2
77 silly idealTree ├── cryptiles@2.0.5
77 silly idealTree ├── d@0.1.1
77 silly idealTree ├─┬ dashdash@1.14.1
77 silly idealTree │ └── assert-plus@1.0.0
77 silly idealTree ├── ddp-ejson@0.8.1-3
77 silly idealTree ├── ddp-underscore-patched@0.8.1-2
77 silly idealTree ├── ddp@0.12.1
77 silly idealTree ├── debug@2.6.1
77 silly idealTree ├─┬ deep-eql@0.1.3
77 silly idealTree │ └── type-detect@0.1.1
77 silly idealTree ├── deep-is@0.1.3
77 silly idealTree ├── define-properties@1.1.2
77 silly idealTree ├── del@2.2.2
77 silly idealTree ├── delayed-stream@1.0.0
77 silly idealTree ├── detect-indent@4.0.0
77 silly idealTree ├── diff@1.4.0
77 silly idealTree ├── doctrine@1.5.0
77 silly idealTree ├── ease-component@1.0.0
77 silly idealTree ├── ecc-jsbn@0.1.1
77 silly idealTree ├── es5-ext@0.10.12
77 silly idealTree ├── es6-iterator@2.0.0
77 silly idealTree ├── es6-map@0.1.4
77 silly idealTree ├── es6-promise@3.3.1
77 silly idealTree ├── es6-set@0.1.4
77 silly idealTree ├── es6-shim@0.35.3
77 silly idealTree ├── es6-symbol@3.1.0
77 silly idealTree ├── es6-weak-map@2.0.1
77 silly idealTree ├── escape-string-regexp@1.0.5
77 silly idealTree ├── escope@3.6.0
77 silly idealTree ├── eslint@2.13.1
77 silly idealTree ├── espree@3.4.0
77 silly idealTree ├── esprima@3.1.3
77 silly idealTree ├─┬ esrecurse@4.1.0
77 silly idealTree │ └── estraverse@4.1.1
77 silly idealTree ├── estraverse@4.2.0
77 silly idealTree ├── estree-walker@0.2.1
77 silly idealTree ├── esutils@2.0.2
77 silly idealTree ├── event-emitter@0.3.4
77 silly idealTree ├── exit-hook@1.1.1
77 silly idealTree ├── extend@3.0.0
77 silly idealTree ├── extsprintf@1.0.2
77 silly idealTree ├── fast-levenshtein@2.0.6
77 silly idealTree ├── fastseries@1.7.2
77 silly idealTree ├── faye-websocket@0.11.0
77 silly idealTree ├── figures@1.7.0
77 silly idealTree ├── file-entry-cache@1.3.1
77 silly idealTree ├─┬ firmata@0.12.0
77 silly idealTree │ ├── es6-shim@0.33.13
77 silly idealTree │ ├── ms@0.7.1
77 silly idealTree │ └─┬ serialport@3.1.2
77 silly idealTree │   └─┬ node-pre-gyp@0.6.28
77 silly idealTree │     ├── debug@2.2.0
77 silly idealTree │     ├─┬ mkdirp@0.5.1
77 silly idealTree │     │ └── minimist@0.0.8
77 silly idealTree │     ├─┬ nopt@3.0.6
77 silly idealTree │     │ └── abbrev@1.0.7
77 silly idealTree │     ├─┬ npmlog@2.0.3
77 silly idealTree │     │ ├── ansi@0.3.1
77 silly idealTree │     │ ├─┬ are-we-there-yet@1.1.2
77 silly idealTree │     │ │ ├── delegates@1.0.0
77 silly idealTree │     │ │ └─┬ readable-stream@2.1.2
77 silly idealTree │     │ │   ├── core-util-is@1.0.2
77 silly idealTree │     │ │   ├── inherits@2.0.1
77 silly idealTree │     │ │   ├── isarray@1.0.0
77 silly idealTree │     │ │   ├── process-nextick-args@1.0.7
77 silly idealTree │     │ │   ├── string_decoder@0.10.31
77 silly idealTree │     │ │   └── util-deprecate@1.0.2
77 silly idealTree │     │ └─┬ gauge@1.2.7
77 silly idealTree │     │   ├── has-unicode@2.0.0
77 silly idealTree │     │   ├─┬ lodash.pad@4.4.0
77 silly idealTree │     │   │ ├── lodash._baseslice@4.0.0
77 silly idealTree │     │   │ ├── lodash._basetostring@4.12.0
77 silly idealTree │     │   │ └── lodash.tostring@4.1.3
77 silly idealTree │     │   ├─┬ lodash.padend@4.5.0
77 silly idealTree │     │   │ ├── lodash._baseslice@4.0.0
77 silly idealTree │     │   │ ├── lodash._basetostring@4.12.0
77 silly idealTree │     │   │ └── lodash.tostring@4.1.3
77 silly idealTree │     │   └─┬ lodash.padstart@4.5.0
77 silly idealTree │     │     ├── lodash._baseslice@4.0.0
77 silly idealTree │     │     ├── lodash._basetostring@4.12.0
77 silly idealTree │     │     └── lodash.tostring@4.1.3
77 silly idealTree │     ├─┬ rc@1.1.6
77 silly idealTree │     │ ├── deep-extend@0.4.1
77 silly idealTree │     │ ├── ini@1.3.4
77 silly idealTree │     │ ├── minimist@1.2.0
77 silly idealTree │     │ └── strip-json-comments@1.0.4
77 silly idealTree │     ├─┬ request@2.72.0
77 silly idealTree │     │ ├── aws-sign2@0.6.0
77 silly idealTree │     │ ├── aws4@1.4.1
77 silly idealTree │     │ ├─┬ bl@1.1.2
77 silly idealTree │     │ │ └─┬ readable-stream@2.0.6
77 silly idealTree │     │ │   ├── core-util-is@1.0.2
77 silly idealTree │     │ │   ├── inherits@2.0.1
77 silly idealTree │     │ │   ├── isarray@1.0.0
77 silly idealTree │     │ │   ├── process-nextick-args@1.0.7
77 silly idealTree │     │ │   ├── string_decoder@0.10.31
77 silly idealTree │     │ │   └── util-deprecate@1.0.2
77 silly idealTree │     │ ├── caseless@0.11.0
77 silly idealTree │     │ ├─┬ combined-stream@1.0.5
77 silly idealTree │     │ │ └── delayed-stream@1.0.0
77 silly idealTree │     │ ├── extend@3.0.0
77 silly idealTree │     │ ├── forever-agent@0.6.1
77 silly idealTree │     │ ├─┬ form-data@1.0.0-rc4
77 silly idealTree │     │ │ └── async@1.5.2
77 silly idealTree │     │ ├─┬ har-validator@2.0.6
77 silly idealTree │     │ │ ├─┬ chalk@1.1.3
77 silly idealTree │     │ │ │ ├── ansi-styles@2.2.1
77 silly idealTree │     │ │ │ ├── escape-string-regexp@1.0.5
77 silly idealTree │     │ │ │ ├─┬ has-ansi@2.0.0
77 silly idealTree │     │ │ │ │ └── ansi-regex@2.0.0
77 silly idealTree │     │ │ │ ├─┬ strip-ansi@3.0.1
77 silly idealTree │     │ │ │ │ └── ansi-regex@2.0.0
77 silly idealTree │     │ │ │ └── supports-color@2.0.0
77 silly idealTree │     │ │ ├─┬ is-my-json-valid@2.13.1
77 silly idealTree │     │ │ │ ├── generate-function@2.0.0
77 silly idealTree │     │ │ │ ├─┬ generate-object-property@1.2.0
77 silly idealTree │     │ │ │ │ └── is-property@1.0.2
77 silly idealTree │     │ │ │ ├── jsonpointer@2.0.0
77 silly idealTree │     │ │ │ └── xtend@4.0.1
77 silly idealTree │     │ │ └─┬ pinkie-promise@2.0.1
77 silly idealTree │     │ │   └── pinkie@2.0.4
77 silly idealTree │     │ ├─┬ hawk@3.1.3
77 silly idealTree │     │ │ ├── boom@2.10.1
77 silly idealTree │     │ │ ├── cryptiles@2.0.5
77 silly idealTree │     │ │ ├── hoek@2.16.3
77 silly idealTree │     │ │ └── sntp@1.0.9
77 silly idealTree │     │ ├─┬ http-signature@1.1.1
77 silly idealTree │     │ │ ├── assert-plus@0.2.0
77 silly idealTree │     │ │ ├─┬ jsprim@1.2.2
77 silly idealTree │     │ │ │ ├── extsprintf@1.0.2
77 silly idealTree │     │ │ │ ├── json-schema@0.2.2
77 silly idealTree │     │ │ │ └── verror@1.3.6
77 silly idealTree │     │ │ └─┬ sshpk@1.8.3
77 silly idealTree │     │ │   ├── asn1@0.2.3
77 silly idealTree │     │ │   ├── assert-plus@1.0.0
77 silly idealTree │     │ │   ├── dashdash@1.13.1
77 silly idealTree │     │ │   ├── ecc-jsbn@0.1.1
77 silly idealTree │     │ │   ├── getpass@0.1.6
77 silly idealTree │     │ │   ├── jodid25519@1.0.2
77 silly idealTree │     │ │   ├── jsbn@0.1.0
77 silly idealTree │     │ │   └── tweetnacl@0.13.3
77 silly idealTree │     │ ├── is-typedarray@1.0.0
77 silly idealTree │     │ ├── isstream@0.1.2
77 silly idealTree │     │ ├── json-stringify-safe@5.0.1
77 silly idealTree │     │ ├─┬ mime-types@2.1.11
77 silly idealTree │     │ │ └── mime-db@1.23.0
77 silly idealTree │     │ ├── node-uuid@1.4.7
77 silly idealTree │     │ ├── oauth-sign@0.8.2
77 silly idealTree │     │ ├── qs@6.1.0
77 silly idealTree │     │ ├── stringstream@0.0.5
77 silly idealTree │     │ ├── tough-cookie@2.2.2
77 silly idealTree │     │ └── tunnel-agent@0.4.3
77 silly idealTree │     ├─┬ rimraf@2.5.2
77 silly idealTree │     │ └─┬ glob@7.0.3
77 silly idealTree │     │   ├─┬ inflight@1.0.4
77 silly idealTree │     │   │ └── wrappy@1.0.1
77 silly idealTree │     │   ├── inherits@2.0.1
77 silly idealTree │     │   ├─┬ minimatch@3.0.0
77 silly idealTree │     │   │ └─┬ brace-expansion@1.1.4
77 silly idealTree │     │   │   ├── balanced-match@0.4.1
77 silly idealTree │     │   │   └── concat-map@0.0.1
77 silly idealTree │     │   ├─┬ once@1.3.3
77 silly idealTree │     │   │ └── wrappy@1.0.1
77 silly idealTree │     │   └── path-is-absolute@1.0.0
77 silly idealTree │     ├── semver@5.1.0
77 silly idealTree │     ├─┬ tar-pack@3.1.3
77 silly idealTree │     │ ├─┬ fstream-ignore@1.0.4
77 silly idealTree │     │ │ ├── inherits@2.0.1
77 silly idealTree │     │ │ └─┬ minimatch@3.0.0
77 silly idealTree │     │ │   └─┬ brace-expansion@1.1.4
77 silly idealTree │     │ │     ├── balanced-match@0.4.1
77 silly idealTree │     │ │     └── concat-map@0.0.1
77 silly idealTree │     │ ├─┬ fstream@1.0.9
77 silly idealTree │     │ │ ├── graceful-fs@4.1.4
77 silly idealTree │     │ │ └── inherits@2.0.1
77 silly idealTree │     │ ├─┬ once@1.3.3
77 silly idealTree │     │ │ └── wrappy@1.0.1
77 silly idealTree │     │ ├─┬ readable-stream@2.0.6
77 silly idealTree │     │ │ ├── core-util-is@1.0.2
77 silly idealTree │     │ │ ├── inherits@2.0.1
77 silly idealTree │     │ │ ├── isarray@1.0.0
77 silly idealTree │     │ │ ├── process-nextick-args@1.0.7
77 silly idealTree │     │ │ ├── string_decoder@0.10.31
77 silly idealTree │     │ │ └── util-deprecate@1.0.2
77 silly idealTree │     │ └── uid-number@0.0.6
77 silly idealTree │     └─┬ tar@2.2.1
77 silly idealTree │       ├── block-stream@0.0.9
77 silly idealTree │       ├─┬ fstream@1.0.9
77 silly idealTree │       │ └── graceful-fs@4.1.4
77 silly idealTree │       └── inherits@2.0.1
77 silly idealTree ├── flat-cache@1.2.2
77 silly idealTree ├── foreach@2.0.5
77 silly idealTree ├── forever-agent@0.6.1
77 silly idealTree ├── form-data@1.0.1
77 silly idealTree ├── fs.realpath@1.0.0
77 silly idealTree ├── function-bind@1.1.0
77 silly idealTree ├── generate-function@2.0.0
77 silly idealTree ├── generate-object-property@1.2.0
77 silly idealTree ├─┬ getpass@0.1.6
77 silly idealTree │ └── assert-plus@1.0.0
77 silly idealTree ├── glob@7.1.1
77 silly idealTree ├── globals@9.16.0
77 silly idealTree ├── globby@5.0.0
77 silly idealTree ├── graceful-fs@4.1.11
77 silly idealTree ├── graceful-readlink@1.0.1
77 silly idealTree ├── growl@1.9.2
77 silly idealTree ├── har-validator@2.0.6
77 silly idealTree ├── has-ansi@2.0.0
77 silly idealTree ├── hawk@3.1.3
77 silly idealTree ├── hoek@2.16.3
77 silly idealTree ├── home-or-tmp@2.0.0
77 silly idealTree ├── hs100-api@0.3.0
77 silly idealTree ├── http-signature@1.1.1
77 silly idealTree ├── ignore@3.2.4
77 silly idealTree ├── immediate@3.0.6
77 silly idealTree ├── imurmurhash@0.1.4
77 silly idealTree ├── inflight@1.0.6
77 silly idealTree ├── inherits@2.0.3
77 silly idealTree ├── inquirer@0.12.0
77 silly idealTree ├── invariant@2.2.2
77 silly idealTree ├── is-finite@1.0.2
77 silly idealTree ├── is-fullwidth-code-point@1.0.0
77 silly idealTree ├── is-my-json-valid@2.16.0
77 silly idealTree ├── is-path-cwd@1.0.0
77 silly idealTree ├── is-path-in-cwd@1.0.0
77 silly idealTree ├── is-path-inside@1.0.0
77 silly idealTree ├── is-property@1.0.2
77 silly idealTree ├── is-resolvable@1.0.0
77 silly idealTree ├── is-typedarray@1.0.0
77 silly idealTree ├── isarray@1.0.0
77 silly idealTree ├── isstream@0.1.2
77 silly idealTree ├─┬ jade@0.26.3
77 silly idealTree │ ├── commander@0.6.1
77 silly idealTree │ └── mkdirp@0.3.0
77 silly idealTree ├── jodid25519@1.0.2
77 silly idealTree ├─┬ johnny-five@0.9.62
77 silly idealTree │ ├── chalk@1.1.3
77 silly idealTree │ └── temporal@0.5.0
77 silly idealTree ├── js-tokens@3.0.1
77 silly idealTree ├── js-yaml@3.8.2
77 silly idealTree ├── jsbn@0.1.1
77 silly idealTree ├── jsesc@0.5.0
77 silly idealTree ├── json-schema@0.2.3
77 silly idealTree ├── json-stable-stringify@1.0.1
77 silly idealTree ├── json-stringify-safe@5.0.1
77 silly idealTree ├── json5@0.5.1
77 silly idealTree ├── jsonify@0.0.0
77 silly idealTree ├── jsonpointer@4.0.1
77 silly idealTree ├── jsprim@1.3.1
77 silly idealTree ├── later@1.2.0
77 silly idealTree ├── levn@0.3.0
77 silly idealTree ├── lie@3.1.1
77 silly idealTree ├── lodash.assign@4.2.0
77 silly idealTree ├── lodash.clonedeep@4.5.0
77 silly idealTree ├── lodash.debounce@4.0.8
77 silly idealTree ├── lodash.pickby@4.6.0
77 silly idealTree ├── lodash@4.17.4
77 silly idealTree ├── loose-envify@1.3.1
77 silly idealTree ├── lru-cache@4.0.2
77 silly idealTree ├── mime-db@1.26.0
77 silly idealTree ├── mime-types@2.1.14
77 silly idealTree ├── minimatch@3.0.3
77 silly idealTree ├── minimist@0.0.8
77 silly idealTree ├── mkdirp@0.5.1
77 silly idealTree ├─┬ mocha@2.5.3
77 silly idealTree │ ├── commander@2.3.0
77 silly idealTree │ ├── debug@2.2.0
77 silly idealTree │ ├── escape-string-regexp@1.0.2
77 silly idealTree │ ├── glob@3.2.11
77 silly idealTree │ ├── lru-cache@2.7.3
77 silly idealTree │ ├── minimatch@0.3.0
77 silly idealTree │ ├── ms@0.7.1
77 silly idealTree │ └── supports-color@1.2.0
77 silly idealTree ├── mr-doc-theme-cayman@1.4.1
77 silly idealTree ├── ms@0.7.2
77 silly idealTree ├── mute-stream@0.0.5
77 silly idealTree ├── nan@2.5.1
77 silly idealTree ├── nanotimer@0.3.10
77 silly idealTree ├── node-pid-controller@1.0.0
77 silly idealTree ├── node-uuid@1.4.7
77 silly idealTree ├── number-is-nan@1.0.1
77 silly idealTree ├── oauth-sign@0.8.2
77 silly idealTree ├── object-assign@4.1.1
77 silly idealTree ├── object-keys@1.0.11
77 silly idealTree ├── object.assign@4.0.4
77 silly idealTree ├── once@1.4.0
77 silly idealTree ├── onetime@1.1.0
77 silly idealTree ├── optionator@0.8.2
77 silly idealTree ├── os-homedir@1.0.2
77 silly idealTree ├── os-tmpdir@1.0.2
77 silly idealTree ├── path-is-absolute@1.0.1
77 silly idealTree ├── path-is-inside@1.0.2
77 silly idealTree ├── pify@2.3.0
77 silly idealTree ├── pinkie-promise@2.0.1
77 silly idealTree ├── pinkie@2.0.4
77 silly idealTree ├── pluralize@1.2.1
77 silly idealTree ├── prelude-ls@1.1.2
77 silly idealTree ├── private@0.1.7
77 silly idealTree ├── process-nextick-args@1.0.7
77 silly idealTree ├── progress@1.1.8
77 silly idealTree ├── pseudomap@1.0.2
77 silly idealTree ├── punycode@1.4.1
77 silly idealTree ├── qs@6.2.2
77 silly idealTree ├── readable-stream@2.2.3
77 silly idealTree ├── readline2@1.0.1
77 silly idealTree ├── regenerate@1.3.2
77 silly idealTree ├── regenerator-runtime@0.10.3
77 silly idealTree ├── regenerator-transform@0.9.8
77 silly idealTree ├── regexpu-core@2.0.0
77 silly idealTree ├── regjsgen@0.2.0
77 silly idealTree ├── regjsparser@0.1.5
77 silly idealTree ├── repeating@2.0.1
77 silly idealTree ├─┬ request@2.74.0
77 silly idealTree │ ├── bl@1.1.2
77 silly idealTree │ └── readable-stream@2.0.6
77 silly idealTree ├── require-relative@0.8.7
77 silly idealTree ├── require-uncached@1.0.3
77 silly idealTree ├── resolve-from@1.0.1
77 silly idealTree ├── restore-cursor@1.0.1
77 silly idealTree ├── reusify@1.0.1
77 silly idealTree ├── rimraf@2.6.1
77 silly idealTree ├── rollup-plugin-babel@2.7.1
77 silly idealTree ├── rollup-pluginutils@1.5.2
77 silly idealTree ├── rollup@0.41.6
77 silly idealTree ├── run-async@0.1.0
77 silly idealTree ├── rx-lite@3.1.2
77 silly idealTree ├─┬ serialport@4.0.7
77 silly idealTree │ └─┬ node-pre-gyp@0.6.32
77 silly idealTree │   ├─┬ mkdirp@0.5.1
77 silly idealTree │   │ └── minimist@0.0.8
77 silly idealTree │   ├─┬ nopt@3.0.6
77 silly idealTree │   │ └── abbrev@1.0.9
77 silly idealTree │   ├─┬ npmlog@4.0.1
77 silly idealTree │   │ ├─┬ are-we-there-yet@1.1.2
77 silly idealTree │   │ │ ├── delegates@1.0.0
77 silly idealTree │   │ │ └─┬ readable-stream@2.2.2
77 silly idealTree │   │ │   ├── buffer-shims@1.0.0
77 silly idealTree │   │ │   ├── core-util-is@1.0.2
77 silly idealTree │   │ │   ├── inherits@2.0.3
77 silly idealTree │   │ │   ├── isarray@1.0.0
77 silly idealTree │   │ │   ├── process-nextick-args@1.0.7
77 silly idealTree │   │ │   ├── string_decoder@0.10.31
77 silly idealTree │   │ │   └── util-deprecate@1.0.2
77 silly idealTree │   │ ├── console-control-strings@1.1.0
77 silly idealTree │   │ ├─┬ gauge@2.7.2
77 silly idealTree │   │ │ ├── aproba@1.0.4
77 silly idealTree │   │ │ ├── has-unicode@2.0.1
77 silly idealTree │   │ │ ├── object-assign@4.1.0
77 silly idealTree │   │ │ ├── signal-exit@3.0.2
77 silly idealTree │   │ │ ├─┬ string-width@1.0.2
77 silly idealTree │   │ │ │ ├── code-point-at@1.1.0
77 silly idealTree │   │ │ │ └─┬ is-fullwidth-code-point@1.0.0
77 silly idealTree │   │ │ │   └── number-is-nan@1.0.1
77 silly idealTree │   │ │ ├─┬ strip-ansi@3.0.1
77 silly idealTree │   │ │ │ └── ansi-regex@2.0.0
77 silly idealTree │   │ │ ├── supports-color@0.2.0
77 silly idealTree │   │ │ └── wide-align@1.1.0
77 silly idealTree │   │ └── set-blocking@2.0.0
77 silly idealTree │   ├─┬ rc@1.1.6
77 silly idealTree │   │ ├── deep-extend@0.4.1
77 silly idealTree │   │ ├── ini@1.3.4
77 silly idealTree │   │ ├── minimist@1.2.0
77 silly idealTree │   │ └── strip-json-comments@1.0.4
77 silly idealTree │   ├─┬ request@2.79.0
77 silly idealTree │   │ ├── aws-sign2@0.6.0
77 silly idealTree │   │ ├── aws4@1.5.0
77 silly idealTree │   │ ├── caseless@0.11.0
77 silly idealTree │   │ ├─┬ combined-stream@1.0.5
77 silly idealTree │   │ │ └── delayed-stream@1.0.0
77 silly idealTree │   │ ├── extend@3.0.0
77 silly idealTree │   │ ├── forever-agent@0.6.1
77 silly idealTree │   │ ├─┬ form-data@2.1.2
77 silly idealTree │   │ │ └── asynckit@0.4.0
77 silly idealTree │   │ ├─┬ har-validator@2.0.6
77 silly idealTree │   │ │ ├─┬ chalk@1.1.3
77 silly idealTree │   │ │ │ ├── ansi-styles@2.2.1
77 silly idealTree │   │ │ │ ├── escape-string-regexp@1.0.5
77 silly idealTree │   │ │ │ ├─┬ has-ansi@2.0.0
77 silly idealTree │   │ │ │ │ └── ansi-regex@2.0.0
77 silly idealTree │   │ │ │ ├─┬ strip-ansi@3.0.1
77 silly idealTree │   │ │ │ │ └── ansi-regex@2.0.0
77 silly idealTree │   │ │ │ └── supports-color@2.0.0
77 silly idealTree │   │ │ ├─┬ is-my-json-valid@2.15.0
77 silly idealTree │   │ │ │ ├── generate-function@2.0.0
77 silly idealTree │   │ │ │ ├─┬ generate-object-property@1.2.0
77 silly idealTree │   │ │ │ │ └── is-property@1.0.2
77 silly idealTree │   │ │ │ ├── jsonpointer@4.0.0
77 silly idealTree │   │ │ │ └── xtend@4.0.1
77 silly idealTree │   │ │ └─┬ pinkie-promise@2.0.1
77 silly idealTree │   │ │   └── pinkie@2.0.4
77 silly idealTree │   │ ├─┬ hawk@3.1.3
77 silly idealTree │   │ │ ├── boom@2.10.1
77 silly idealTree │   │ │ ├── cryptiles@2.0.5
77 silly idealTree │   │ │ ├── hoek@2.16.3
77 silly idealTree │   │ │ └── sntp@1.0.9
77 silly idealTree │   │ ├─┬ http-signature@1.1.1
77 silly idealTree │   │ │ ├── assert-plus@0.2.0
77 silly idealTree │   │ │ ├─┬ jsprim@1.3.1
77 silly idealTree │   │ │ │ ├── extsprintf@1.0.2
77 silly idealTree │   │ │ │ ├── json-schema@0.2.3
77 silly idealTree │   │ │ │ └── verror@1.3.6
77 silly idealTree │   │ │ └─┬ sshpk@1.10.1
77 silly idealTree │   │ │   ├── asn1@0.2.3
77 silly idealTree │   │ │   ├── assert-plus@1.0.0
77 silly idealTree │   │ │   ├── bcrypt-pbkdf@1.0.0
77 silly idealTree │   │ │   ├── dashdash@1.14.1
77 silly idealTree │   │ │   ├── ecc-jsbn@0.1.1
77 silly idealTree │   │ │   ├── getpass@0.1.6
77 silly idealTree │   │ │   ├── jodid25519@1.0.2
77 silly idealTree │   │ │   ├── jsbn@0.1.0
77 silly idealTree │   │ │   └── tweetnacl@0.14.4
77 silly idealTree │   │ ├── is-typedarray@1.0.0
77 silly idealTree │   │ ├── isstream@0.1.2
77 silly idealTree │   │ ├── json-stringify-safe@5.0.1
77 silly idealTree │   │ ├─┬ mime-types@2.1.13
77 silly idealTree │   │ │ └── mime-db@1.25.0
77 silly idealTree │   │ ├── oauth-sign@0.8.2
77 silly idealTree │   │ ├── qs@6.3.0
77 silly idealTree │   │ ├── stringstream@0.0.5
77 silly idealTree │   │ ├─┬ tough-cookie@2.3.2
77 silly idealTree │   │ │ └── punycode@1.4.1
77 silly idealTree │   │ ├── tunnel-agent@0.4.3
77 silly idealTree │   │ └── uuid@3.0.1
77 silly idealTree │   ├─┬ rimraf@2.5.4
77 silly idealTree │   │ └─┬ glob@7.1.1
77 silly idealTree │   │   ├── fs.realpath@1.0.0
77 silly idealTree │   │   ├─┬ inflight@1.0.6
77 silly idealTree │   │   │ └── wrappy@1.0.2
77 silly idealTree │   │   ├── inherits@2.0.3
77 silly idealTree │   │   ├─┬ minimatch@3.0.3
77 silly idealTree │   │   │ └─┬ brace-expansion@1.1.6
77 silly idealTree │   │   │   ├── balanced-match@0.4.2
77 silly idealTree │   │   │   └── concat-map@0.0.1
77 silly idealTree │   │   ├─┬ once@1.4.0
77 silly idealTree │   │   │ └── wrappy@1.0.2
77 silly idealTree │   │   └── path-is-absolute@1.0.1
77 silly idealTree │   ├── semver@5.3.0
77 silly idealTree │   ├─┬ tar-pack@3.3.0
77 silly idealTree │   │ ├─┬ debug@2.2.0
77 silly idealTree │   │ │ └── ms@0.7.1
77 silly idealTree │   │ ├─┬ fstream-ignore@1.0.5
77 silly idealTree │   │ │ ├── inherits@2.0.3
77 silly idealTree │   │ │ └─┬ minimatch@3.0.3
77 silly idealTree │   │ │   └─┬ brace-expansion@1.1.6
77 silly idealTree │   │ │     ├── balanced-match@0.4.2
77 silly idealTree │   │ │     └── concat-map@0.0.1
77 silly idealTree │   │ ├─┬ fstream@1.0.10
77 silly idealTree │   │ │ ├── graceful-fs@4.1.11
77 silly idealTree │   │ │ └── inherits@2.0.3
77 silly idealTree │   │ ├─┬ once@1.3.3
77 silly idealTree │   │ │ └── wrappy@1.0.2
77 silly idealTree │   │ ├─┬ readable-stream@2.1.5
77 silly idealTree │   │ │ ├── buffer-shims@1.0.0
77 silly idealTree │   │ │ ├── core-util-is@1.0.2
77 silly idealTree │   │ │ ├── inherits@2.0.3
77 silly idealTree │   │ │ ├── isarray@1.0.0
77 silly idealTree │   │ │ ├── process-nextick-args@1.0.7
77 silly idealTree │   │ │ ├── string_decoder@0.10.31
77 silly idealTree │   │ │ └── util-deprecate@1.0.2
77 silly idealTree │   │ └── uid-number@0.0.6
77 silly idealTree │   └─┬ tar@2.2.1
77 silly idealTree │     ├── block-stream@0.0.9
77 silly idealTree │     ├─┬ fstream@1.0.10
77 silly idealTree │     │ └── graceful-fs@4.1.11
77 silly idealTree │     └── inherits@2.0.3
77 silly idealTree ├── shelljs@0.6.1
77 silly idealTree ├── sigmund@1.0.1
77 silly idealTree ├── slash@1.0.0
77 silly idealTree ├── slice-ansi@0.0.4
77 silly idealTree ├── sntp@1.0.9
77 silly idealTree ├── source-map-support@0.4.14
77 silly idealTree ├── source-map@0.5.6
77 silly idealTree ├── sprintf-js@1.0.3
77 silly idealTree ├─┬ sshpk@1.11.0
77 silly idealTree │ └── assert-plus@1.0.0
77 silly idealTree ├── string_decoder@0.10.31
77 silly idealTree ├── string-width@1.0.2
77 silly idealTree ├── stringstream@0.0.5
77 silly idealTree ├── strip-ansi@3.0.1
77 silly idealTree ├── strip-json-comments@1.0.4
77 silly idealTree ├── supports-color@2.0.0
77 silly idealTree ├─┬ table@3.8.3
77 silly idealTree │ ├── is-fullwidth-code-point@2.0.0
77 silly idealTree │ └── string-width@2.0.0
77 silly idealTree ├── temporal@0.5.0
77 silly idealTree ├── text-table@0.2.0
77 silly idealTree ├── Thing.js@0.3.4
77 silly idealTree ├── thing.js@0.3.5
77 silly idealTree ├── through@2.3.8
77 silly idealTree ├── to-fast-properties@1.0.2
77 silly idealTree ├── to-iso-string@0.0.2
77 silly idealTree ├── tough-cookie@2.3.2
77 silly idealTree ├── trim-right@1.0.1
77 silly idealTree ├── tryit@1.0.3
77 silly idealTree ├── tunnel-agent@0.4.3
77 silly idealTree ├── tweetnacl@0.14.5
77 silly idealTree ├── type-check@0.3.2
77 silly idealTree ├── type-detect@1.0.0
77 silly idealTree ├── typedarray@0.0.6
77 silly idealTree ├── underscore@1.8.3
77 silly idealTree ├── user-home@2.0.0
77 silly idealTree ├── util-deprecate@1.0.2
77 silly idealTree ├── verror@1.3.6
77 silly idealTree ├── websocket-driver@0.6.5
77 silly idealTree ├── websocket-extensions@0.1.1
77 silly idealTree ├── wordwrap@1.0.0
77 silly idealTree ├── wrappy@1.0.2
77 silly idealTree ├── write@0.2.1
77 silly idealTree ├── xtend@4.0.1
77 silly idealTree └── yallist@2.0.0
78 silly generateActionsToTake Starting
79 silly install generateActionsToTake
80 silly generateActionsToTake Finishing
81 silly diffTrees action count 1
82 silly diffTrees add thing.js@0.3.5
83 silly decomposeActions action count 8
84 silly decomposeActions fetch thing.js@0.3.5
85 silly decomposeActions extract thing.js@0.3.5
86 silly decomposeActions test thing.js@0.3.5
87 silly decomposeActions preinstall thing.js@0.3.5
88 silly decomposeActions build thing.js@0.3.5
89 silly decomposeActions install thing.js@0.3.5
90 silly decomposeActions postinstall thing.js@0.3.5
91 silly decomposeActions finalize thing.js@0.3.5
92 silly executeActions Starting
93 silly install executeActions
94 silly doSerial global-install 0
95 silly doParallel fetch 1
96 verbose correctMkdir /Users/JakeHartnell/.npm/_locks correctMkdir not in flight; initializing
97 verbose lock using /Users/JakeHartnell/.npm/_locks/staging-b5875f0b72705186.lock for /Users/JakeHartnell/Dev/Grow.js/node_modules/.staging
98 silly doParallel extract 1
99 silly extract thing.js@0.3.5
100 verbose unbuild node_modules/.staging/thing.js-1f746f71
101 silly gentlyRm /Users/JakeHartnell/Dev/Grow.js/node_modules/.staging/thing.js-1f746f71 is being purged from base /Users/JakeHartnell/Dev/Grow.js
102 verbose gentlyRm don't care about contents; nuking /Users/JakeHartnell/Dev/Grow.js/node_modules/.staging/thing.js-1f746f71
103 verbose tar unpack /Users/JakeHartnell/.npm/thing.js/0.3.5/package.tgz
104 verbose tar unpacking to /Users/JakeHartnell/Dev/Grow.js/node_modules/.staging/thing.js-1f746f71
105 silly gentlyRm /Users/JakeHartnell/Dev/Grow.js/node_modules/.staging/thing.js-1f746f71 is being purged
106 verbose gentlyRm don't care about contents; nuking /Users/JakeHartnell/Dev/Grow.js/node_modules/.staging/thing.js-1f746f71
107 silly gunzTarPerm modes [ '755', '644' ]
108 silly gunzTarPerm extractEntry package.json
109 silly gunzTarPerm extractEntry README.md
110 silly gunzTarPerm extractEntry LICENSE
111 silly gunzTarPerm extractEntry dist/Thing.es6.js
112 silly gunzTarPerm extractEntry dist/Thing.umd.js
113 silly gunzTarPerm extractEntry dist/Thing.es6.js.map
114 silly gunzTarPerm extractEntry dist/Thing.umd.js.map
115 silly gunzTarPerm extractEntry lib/Thing.js
116 silly gentlyRm /Users/JakeHartnell/Dev/Grow.js/node_modules/.staging/thing.js-1f746f71/node_modules is being purged
117 verbose gentlyRm don't care about contents; nuking /Users/JakeHartnell/Dev/Grow.js/node_modules/.staging/thing.js-1f746f71/node_modules
118 silly doParallel preinstall 1
119 silly preinstall thing.js@0.3.5 /Users/JakeHartnell/Dev/Grow.js/node_modules/.staging/thing.js-1f746f71
120 info lifecycle thing.js@0.3.5~preinstall: thing.js@0.3.5
121 silly lifecycle thing.js@0.3.5~preinstall: no script for preinstall, continuing
122 silly doReverseSerial remove 0
123 silly doSerial move 0
124 silly doSerial finalize 1
125 silly finalize /Users/JakeHartnell/Dev/Grow.js/node_modules/thing.js
126 silly doSerial build 1
127 silly build thing.js@0.3.5
128 info linkStuff thing.js@0.3.5
129 silly linkStuff thing.js@0.3.5 has /Users/JakeHartnell/Dev/Grow.js/node_modules as its parent node_modules
130 verbose linkBins thing.js@0.3.5
131 verbose linkMans thing.js@0.3.5
132 silly doSerial global-link 0
133 silly doParallel update-linked 0
134 silly doSerial install 1
135 silly install thing.js@0.3.5 /Users/JakeHartnell/Dev/Grow.js/node_modules/.staging/thing.js-1f746f71
136 info lifecycle thing.js@0.3.5~install: thing.js@0.3.5
137 silly lifecycle thing.js@0.3.5~install: no script for install, continuing
138 silly doSerial postinstall 1
139 silly postinstall thing.js@0.3.5 /Users/JakeHartnell/Dev/Grow.js/node_modules/.staging/thing.js-1f746f71
140 info lifecycle thing.js@0.3.5~postinstall: thing.js@0.3.5
141 silly lifecycle thing.js@0.3.5~postinstall: no script for postinstall, continuing
142 verbose unlock done using /Users/JakeHartnell/.npm/_locks/staging-b5875f0b72705186.lock for /Users/JakeHartnell/Dev/Grow.js/node_modules/.staging
143 silly executeActions Finishing
144 silly rollbackFailedOptional Starting
145 silly rollbackFailedOptional Finishing
146 silly runTopLevelLifecycles Starting
147 silly install runTopLevelLifecycles
148 silly preinstall Grow.js@0.3.3 /Users/JakeHartnell/Dev/Grow.js/Grow.js-1a3093d9
149 info lifecycle Grow.js@0.3.3~preinstall: Grow.js@0.3.3
150 silly lifecycle Grow.js@0.3.3~preinstall: no script for preinstall, continuing
151 silly build Grow.js@0.3.3
152 info linkStuff Grow.js@0.3.3
153 silly linkStuff Grow.js@0.3.3 has /Users/JakeHartnell/Dev as its parent node_modules
154 verbose linkBins Grow.js@0.3.3
155 verbose linkMans Grow.js@0.3.3
156 silly install Grow.js@0.3.3 /Users/JakeHartnell/Dev/Grow.js/Grow.js-1a3093d9
157 info lifecycle Grow.js@0.3.3~install: Grow.js@0.3.3
158 silly lifecycle Grow.js@0.3.3~install: no script for install, continuing
159 silly postinstall Grow.js@0.3.3 /Users/JakeHartnell/Dev/Grow.js/Grow.js-1a3093d9
160 info lifecycle Grow.js@0.3.3~postinstall: Grow.js@0.3.3
161 silly lifecycle Grow.js@0.3.3~postinstall: no script for postinstall, continuing
162 silly prepublish Grow.js@0.3.3 /Users/JakeHartnell/Dev/Grow.js/Grow.js-1a3093d9
163 info lifecycle Grow.js@0.3.3~prepublish: Grow.js@0.3.3
164 verbose lifecycle Grow.js@0.3.3~prepublish: unsafe-perm in lifecycle true
165 verbose lifecycle Grow.js@0.3.3~prepublish: PATH: /Users/JakeHartnell/.nvm/versions/node/v6.4.0/lib/node_modules/npm/bin/node-gyp-bin:/Users/JakeHartnell/Dev/Grow.js/node_modules/.bin:/Users/JakeHartnell/.nvm/versions/node/v6.4.0/bin:/Users/JakeHartnell/.nvm/versions/node/v6.4.0/bin:/usr/bin:/bin:/usr/sbin:/sbin:/usr/local/bin
166 verbose lifecycle Grow.js@0.3.3~prepublish: CWD: /Users/JakeHartnell/Dev/Grow.js
167 silly lifecycle Grow.js@0.3.3~prepublish: Args: [ '-c', 'npm test' ]
168 silly lifecycle Grow.js@0.3.3~prepublish: Returned: code: 1  signal: null
169 info lifecycle Grow.js@0.3.3~prepublish: Failed to exec prepublish script
170 verbose stack Error: Grow.js@0.3.3 prepublish: `npm test`
170 verbose stack Exit status 1
170 verbose stack     at EventEmitter.<anonymous> (/Users/JakeHartnell/.nvm/versions/node/v6.4.0/lib/node_modules/npm/lib/utils/lifecycle.js:242:16)
170 verbose stack     at emitTwo (events.js:106:13)
170 verbose stack     at EventEmitter.emit (events.js:191:7)
170 verbose stack     at ChildProcess.<anonymous> (/Users/JakeHartnell/.nvm/versions/node/v6.4.0/lib/node_modules/npm/lib/utils/spawn.js:40:14)
170 verbose stack     at emitTwo (events.js:106:13)
170 verbose stack     at ChildProcess.emit (events.js:191:7)
170 verbose stack     at maybeClose (internal/child_process.js:852:16)
170 verbose stack     at Process.ChildProcess._handle.onexit (internal/child_process.js:215:5)
171 verbose pkgid Grow.js@0.3.3
172 verbose cwd /Users/JakeHartnell/Dev/Grow.js
173 error Darwin 15.6.0
174 error argv "/Users/JakeHartnell/.nvm/versions/node/v6.4.0/bin/node" "/Users/JakeHartnell/.nvm/versions/node/v6.4.0/bin/npm" "install"
175 error node v6.4.0
176 error npm  v3.10.3
177 error code ELIFECYCLE
178 error Grow.js@0.3.3 prepublish: `npm test`
178 error Exit status 1
179 error Failed at the Grow.js@0.3.3 prepublish script 'npm test'.
179 error Make sure you have the latest version of node.js and npm installed.
179 error If you do, this is most likely a problem with the Grow.js package,
179 error not with npm itself.
179 error Tell the author that this fails on your system:
179 error     npm test
179 error You can get information on how to open an issue for this project with:
179 error     npm bugs Grow.js
179 error Or if that isn't available, you can get their info via:
179 error     npm owner ls Grow.js
179 error There is likely additional logging output above.
180 verbose exit [ 1, true ]
